{"/Users/romalopes/Documents/studies/rails/video_rails_react_app/react_client/src/components/NavBar.jsx": {"path":"/Users/romalopes/Documents/studies/rails/video_rails_react_app/react_client/src/components/NavBar.jsx","statementMap":{"0":{"start":{"line":6,"column":2},"end":{"line":12,"column":4}}},"fnMap":{"0":{"name":"NavBar","decl":{"start":{"line":5,"column":9},"end":{"line":5,"column":15}},"loc":{"start":{"line":5,"column":18},"end":{"line":13,"column":1}},"line":5}},"branchMap":{},"s":{"0":0},"f":{"0":0},"b":{},"_coverageSchema":"1a1c01bbd47fc00a2c39e90264f33305004495a9","hash":"983b530585c181d9f5ed2bbcbf3400c869004fad"}
}
