{"/Users/romalopes/Documents/studies/rails/video_rails_react_app/react_client/src/constants.js": {"path":"/Users/romalopes/Documents/studies/rails/video_rails_react_app/react_client/src/constants.js","statementMap":{},"fnMap":{},"branchMap":{},"s":{},"f":{},"b":{},"_coverageSchema":"1a1c01bbd47fc00a2c39e90264f33305004495a9","hash":"cb981aeaa282c4af36a7793e7f50ede60ebf2dd4"}
,"/Users/romalopes/Documents/studies/rails/video_rails_react_app/react_client/src/api_services/postService.jsx": {"path":"/Users/romalopes/Documents/studies/rails/video_rails_react_app/react_client/src/api_services/postService.jsx","statementMap":{"0":{"start":{"line":4,"column":2},"end":{"line":14,"column":3}},"1":{"start":{"line":5,"column":21},"end":{"line":5,"column":41}},"2":{"start":{"line":6,"column":4},"end":{"line":11,"column":5}},"3":{"start":{"line":7,"column":19},"end":{"line":7,"column":40}},"4":{"start":{"line":8,"column":6},"end":{"line":8,"column":18}},"5":{"start":{"line":10,"column":6},"end":{"line":10,"column":21}},"6":{"start":{"line":13,"column":4},"end":{"line":13,"column":41}},"7":{"start":{"line":18,"column":2},"end":{"line":29,"column":3}},"8":{"start":{"line":19,"column":4},"end":{"line":19,"column":47}},"9":{"start":{"line":20,"column":21},"end":{"line":20,"column":52}},"10":{"start":{"line":21,"column":4},"end":{"line":26,"column":5}},"11":{"start":{"line":22,"column":19},"end":{"line":22,"column":40}},"12":{"start":{"line":23,"column":6},"end":{"line":23,"column":18}},"13":{"start":{"line":25,"column":6},"end":{"line":25,"column":21}},"14":{"start":{"line":28,"column":4},"end":{"line":28,"column":41}},"15":{"start":{"line":34,"column":2},"end":{"line":42,"column":3}},"16":{"start":{"line":36,"column":4},"end":{"line":38,"column":7}},"17":{"start":{"line":39,"column":4},"end":{"line":39,"column":40}},"18":{"start":{"line":41,"column":4},"end":{"line":41,"column":43}},"19":{"start":{"line":44,"column":2},"end":{"line":46,"column":3}},"20":{"start":{"line":45,"column":4},"end":{"line":45,"column":16}},"21":{"start":{"line":47,"column":2},"end":{"line":47,"column":25}},"22":{"start":{"line":51,"column":2},"end":{"line":67,"column":3}},"23":{"start":{"line":52,"column":21},"end":{"line":56,"column":6}},"24":{"start":{"line":57,"column":4},"end":{"line":63,"column":5}},"25":{"start":{"line":58,"column":6},"end":{"line":58,"column":41}},"26":{"start":{"line":62,"column":6},"end":{"line":62,"column":66}},"27":{"start":{"line":64,"column":4},"end":{"line":64,"column":27}},"28":{"start":{"line":66,"column":4},"end":{"line":66,"column":41}},"29":{"start":{"line":71,"column":2},"end":{"line":88,"column":3}},"30":{"start":{"line":72,"column":21},"end":{"line":77,"column":6}},"31":{"start":{"line":78,"column":4},"end":{"line":84,"column":5}},"32":{"start":{"line":79,"column":21},"end":{"line":79,"column":42}},"33":{"start":{"line":80,"column":6},"end":{"line":80,"column":42}},"34":{"start":{"line":81,"column":6},"end":{"line":81,"column":20}},"35":{"start":{"line":83,"column":6},"end":{"line":83,"column":66}},"36":{"start":{"line":85,"column":4},"end":{"line":85,"column":27}},"37":{"start":{"line":87,"column":4},"end":{"line":87,"column":41}}},"fnMap":{"0":{"name":"fetchAllPosts","decl":{"start":{"line":3,"column":15},"end":{"line":3,"column":28}},"loc":{"start":{"line":3,"column":31},"end":{"line":15,"column":1}},"line":3},"1":{"name":"fetchPost","decl":{"start":{"line":17,"column":15},"end":{"line":17,"column":24}},"loc":{"start":{"line":17,"column":29},"end":{"line":30,"column":1}},"line":17},"2":{"name":"fetchDeletePost","decl":{"start":{"line":32,"column":15},"end":{"line":32,"column":30}},"loc":{"start":{"line":32,"column":35},"end":{"line":48,"column":1}},"line":32},"3":{"name":"fetchUpdatePost","decl":{"start":{"line":50,"column":15},"end":{"line":50,"column":30}},"loc":{"start":{"line":50,"column":45},"end":{"line":68,"column":1}},"line":50},"4":{"name":"fetchCreatePost","decl":{"start":{"line":70,"column":15},"end":{"line":70,"column":30}},"loc":{"start":{"line":70,"column":41},"end":{"line":89,"column":1}},"line":70}},"branchMap":{"0":{"loc":{"start":{"line":6,"column":4},"end":{"line":11,"column":5}},"type":"if","locations":[{"start":{"line":6,"column":4},"end":{"line":11,"column":5}},{"start":{"line":9,"column":11},"end":{"line":11,"column":5}}],"line":6},"1":{"loc":{"start":{"line":21,"column":4},"end":{"line":26,"column":5}},"type":"if","locations":[{"start":{"line":21,"column":4},"end":{"line":26,"column":5}},{"start":{"line":24,"column":11},"end":{"line":26,"column":5}}],"line":21},"2":{"loc":{"start":{"line":44,"column":2},"end":{"line":46,"column":3}},"type":"if","locations":[{"start":{"line":44,"column":2},"end":{"line":46,"column":3}},{"start":{},"end":{}}],"line":44},"3":{"loc":{"start":{"line":57,"column":4},"end":{"line":63,"column":5}},"type":"if","locations":[{"start":{"line":57,"column":4},"end":{"line":63,"column":5}},{"start":{"line":61,"column":11},"end":{"line":63,"column":5}}],"line":57},"4":{"loc":{"start":{"line":78,"column":4},"end":{"line":84,"column":5}},"type":"if","locations":[{"start":{"line":78,"column":4},"end":{"line":84,"column":5}},{"start":{"line":82,"column":11},"end":{"line":84,"column":5}}],"line":78}},"s":{"0":0,"1":0,"2":0,"3":0,"4":0,"5":0,"6":0,"7":0,"8":0,"9":0,"10":0,"11":0,"12":0,"13":0,"14":0,"15":0,"16":0,"17":0,"18":0,"19":0,"20":0,"21":0,"22":0,"23":0,"24":0,"25":0,"26":0,"27":0,"28":0,"29":0,"30":0,"31":0,"32":0,"33":0,"34":0,"35":0,"36":0,"37":0},"f":{"0":0,"1":0,"2":0,"3":0,"4":0},"b":{"0":[0,0],"1":[0,0],"2":[0,0],"3":[0,0],"4":[0,0]},"_coverageSchema":"1a1c01bbd47fc00a2c39e90264f33305004495a9","hash":"fcee43c14f3eb9119396a71e1ab0575924f10609"}
,"/Users/romalopes/Documents/studies/rails/video_rails_react_app/react_client/src/components/AppRoutes.jsx": {"path":"/Users/romalopes/Documents/studies/rails/video_rails_react_app/react_client/src/components/AppRoutes.jsx","statementMap":{"0":{"start":{"line":9,"column":2},"end":{"line":18,"column":4}}},"fnMap":{"0":{"name":"AppRoutes","decl":{"start":{"line":8,"column":9},"end":{"line":8,"column":18}},"loc":{"start":{"line":8,"column":21},"end":{"line":19,"column":1}},"line":8}},"branchMap":{},"s":{"0":0},"f":{"0":0},"b":{},"_coverageSchema":"1a1c01bbd47fc00a2c39e90264f33305004495a9","hash":"0c9e8fa5ec0f324ca1510e59addf5aac1fbc0d35"}
,"/Users/romalopes/Documents/studies/rails/video_rails_react_app/react_client/src/components/NavBar.jsx": {"path":"/Users/romalopes/Documents/studies/rails/video_rails_react_app/react_client/src/components/NavBar.jsx","statementMap":{"0":{"start":{"line":5,"column":2},"end":{"line":11,"column":4}}},"fnMap":{"0":{"name":"NavBar","decl":{"start":{"line":4,"column":9},"end":{"line":4,"column":15}},"loc":{"start":{"line":4,"column":18},"end":{"line":12,"column":1}},"line":4}},"branchMap":{},"s":{"0":3},"f":{"0":3},"b":{},"_coverageSchema":"1a1c01bbd47fc00a2c39e90264f33305004495a9","hash":"a764fb90404e81a9c8e1726b091fad9e08059369"}
,"/Users/romalopes/Documents/studies/rails/video_rails_react_app/react_client/src/features/posts/EditPostForm.jsx": {"path":"/Users/romalopes/Documents/studies/rails/video_rails_react_app/react_client/src/features/posts/EditPostForm.jsx","statementMap":{"0":{"start":{"line":9,"column":26},"end":{"line":9,"column":40}},"1":{"start":{"line":10,"column":17},"end":{"line":10,"column":28}},"2":{"start":{"line":11,"column":32},"end":{"line":11,"column":44}},"3":{"start":{"line":12,"column":23},"end":{"line":12,"column":35}},"4":{"start":{"line":13,"column":19},"end":{"line":13,"column":32}},"5":{"start":{"line":15,"column":2},"end":{"line":36,"column":11}},"6":{"start":{"line":16,"column":28},"end":{"line":34,"column":5}},"7":{"start":{"line":17,"column":6},"end":{"line":33,"column":7}},"8":{"start":{"line":26,"column":21},"end":{"line":26,"column":46}},"9":{"start":{"line":27,"column":8},"end":{"line":27,"column":22}},"10":{"start":{"line":29,"column":8},"end":{"line":29,"column":42}},"11":{"start":{"line":30,"column":8},"end":{"line":30,"column":45}},"12":{"start":{"line":32,"column":8},"end":{"line":32,"column":26}},"13":{"start":{"line":35,"column":4},"end":{"line":35,"column":22}},"14":{"start":{"line":38,"column":2},"end":{"line":38,"column":40}},"15":{"start":{"line":38,"column":15},"end":{"line":38,"column":40}},"16":{"start":{"line":39,"column":2},"end":{"line":39,"column":42}},"17":{"start":{"line":39,"column":13},"end":{"line":39,"column":42}},"18":{"start":{"line":41,"column":23},"end":{"line":73,"column":3}},"19":{"start":{"line":42,"column":4},"end":{"line":42,"column":23}},"20":{"start":{"line":43,"column":4},"end":{"line":54,"column":5}},"21":{"start":{"line":45,"column":19},"end":{"line":48,"column":7}},"22":{"start":{"line":49,"column":23},"end":{"line":49,"column":54}},"23":{"start":{"line":50,"column":6},"end":{"line":50,"column":40}},"24":{"start":{"line":51,"column":6},"end":{"line":51,"column":40}},"25":{"start":{"line":53,"column":6},"end":{"line":53,"column":47}},"26":{"start":{"line":75,"column":2},"end":{"line":103,"column":4}},"27":{"start":{"line":85,"column":29},"end":{"line":85,"column":72}},"28":{"start":{"line":94,"column":29},"end":{"line":94,"column":71}}},"fnMap":{"0":{"name":"EditPostForm","decl":{"start":{"line":8,"column":9},"end":{"line":8,"column":21}},"loc":{"start":{"line":8,"column":24},"end":{"line":104,"column":1}},"line":8},"1":{"name":"(anonymous_1)","decl":{"start":{"line":15,"column":12},"end":{"line":15,"column":13}},"loc":{"start":{"line":15,"column":18},"end":{"line":36,"column":3}},"line":15},"2":{"name":"(anonymous_2)","decl":{"start":{"line":16,"column":28},"end":{"line":16,"column":29}},"loc":{"start":{"line":16,"column":40},"end":{"line":34,"column":5}},"line":16},"3":{"name":"(anonymous_3)","decl":{"start":{"line":41,"column":23},"end":{"line":41,"column":24}},"loc":{"start":{"line":41,"column":36},"end":{"line":73,"column":3}},"line":41},"4":{"name":"(anonymous_4)","decl":{"start":{"line":85,"column":22},"end":{"line":85,"column":23}},"loc":{"start":{"line":85,"column":29},"end":{"line":85,"column":72}},"line":85},"5":{"name":"(anonymous_5)","decl":{"start":{"line":94,"column":22},"end":{"line":94,"column":23}},"loc":{"start":{"line":94,"column":29},"end":{"line":94,"column":71}},"line":94}},"branchMap":{"0":{"loc":{"start":{"line":38,"column":2},"end":{"line":38,"column":40}},"type":"if","locations":[{"start":{"line":38,"column":2},"end":{"line":38,"column":40}},{"start":{},"end":{}}],"line":38},"1":{"loc":{"start":{"line":39,"column":2},"end":{"line":39,"column":42}},"type":"if","locations":[{"start":{"line":39,"column":2},"end":{"line":39,"column":42}},{"start":{},"end":{}}],"line":39}},"s":{"0":0,"1":0,"2":0,"3":0,"4":0,"5":0,"6":0,"7":0,"8":0,"9":0,"10":0,"11":0,"12":0,"13":0,"14":0,"15":0,"16":0,"17":0,"18":0,"19":0,"20":0,"21":0,"22":0,"23":0,"24":0,"25":0,"26":0,"27":0,"28":0},"f":{"0":0,"1":0,"2":0,"3":0,"4":0,"5":0},"b":{"0":[0,0],"1":[0,0]},"_coverageSchema":"1a1c01bbd47fc00a2c39e90264f33305004495a9","hash":"c99f7d6b094e7c922386ec50d7ff975dbaf13dd4"}
,"/Users/romalopes/Documents/studies/rails/video_rails_react_app/react_client/src/features/posts/NewPostForm.jsx": {"path":"/Users/romalopes/Documents/studies/rails/video_rails_react_app/react_client/src/features/posts/NewPostForm.jsx","statementMap":{"0":{"start":{"line":6,"column":28},"end":{"line":6,"column":40}},"1":{"start":{"line":7,"column":26},"end":{"line":7,"column":38}},"2":{"start":{"line":8,"column":19},"end":{"line":8,"column":32}},"3":{"start":{"line":10,"column":23},"end":{"line":31,"column":3}},"4":{"start":{"line":11,"column":4},"end":{"line":30,"column":5}},"5":{"start":{"line":12,"column":6},"end":{"line":12,"column":25}},"6":{"start":{"line":13,"column":23},"end":{"line":13,"column":38}},"7":{"start":{"line":17,"column":19},"end":{"line":17,"column":50}},"8":{"start":{"line":18,"column":6},"end":{"line":18,"column":36}},"9":{"start":{"line":29,"column":6},"end":{"line":29,"column":56}},"10":{"start":{"line":32,"column":2},"end":{"line":60,"column":4}},"11":{"start":{"line":42,"column":29},"end":{"line":42,"column":53}},"12":{"start":{"line":51,"column":29},"end":{"line":51,"column":52}}},"fnMap":{"0":{"name":"NewPostForm","decl":{"start":{"line":5,"column":9},"end":{"line":5,"column":20}},"loc":{"start":{"line":5,"column":23},"end":{"line":61,"column":1}},"line":5},"1":{"name":"(anonymous_1)","decl":{"start":{"line":10,"column":23},"end":{"line":10,"column":24}},"loc":{"start":{"line":10,"column":36},"end":{"line":31,"column":3}},"line":10},"2":{"name":"(anonymous_2)","decl":{"start":{"line":42,"column":22},"end":{"line":42,"column":23}},"loc":{"start":{"line":42,"column":29},"end":{"line":42,"column":53}},"line":42},"3":{"name":"(anonymous_3)","decl":{"start":{"line":51,"column":22},"end":{"line":51,"column":23}},"loc":{"start":{"line":51,"column":29},"end":{"line":51,"column":52}},"line":51}},"branchMap":{},"s":{"0":0,"1":0,"2":0,"3":0,"4":0,"5":0,"6":0,"7":0,"8":0,"9":0,"10":0,"11":0,"12":0},"f":{"0":0,"1":0,"2":0,"3":0},"b":{},"_coverageSchema":"1a1c01bbd47fc00a2c39e90264f33305004495a9","hash":"f1d11e876e3564a2ba5751f84ef1d447a6d0f3cb"}
,"/Users/romalopes/Documents/studies/rails/video_rails_react_app/react_client/src/features/posts/PostDetails.jsx": {"path":"/Users/romalopes/Documents/studies/rails/video_rails_react_app/react_client/src/features/posts/PostDetails.jsx","statementMap":{"0":{"start":{"line":11,"column":17},"end":{"line":11,"column":28}},"1":{"start":{"line":12,"column":26},"end":{"line":12,"column":40}},"2":{"start":{"line":13,"column":32},"end":{"line":13,"column":46}},"3":{"start":{"line":14,"column":23},"end":{"line":14,"column":37}},"4":{"start":{"line":15,"column":19},"end":{"line":15,"column":32}},"5":{"start":{"line":17,"column":2},"end":{"line":38,"column":11}},"6":{"start":{"line":18,"column":28},"end":{"line":36,"column":5}},"7":{"start":{"line":19,"column":6},"end":{"line":35,"column":7}},"8":{"start":{"line":28,"column":21},"end":{"line":28,"column":46}},"9":{"start":{"line":29,"column":8},"end":{"line":29,"column":22}},"10":{"start":{"line":31,"column":8},"end":{"line":31,"column":42}},"11":{"start":{"line":32,"column":8},"end":{"line":32,"column":45}},"12":{"start":{"line":34,"column":8},"end":{"line":34,"column":26}},"13":{"start":{"line":37,"column":4},"end":{"line":37,"column":22}},"14":{"start":{"line":40,"column":2},"end":{"line":40,"column":40}},"15":{"start":{"line":40,"column":15},"end":{"line":40,"column":40}},"16":{"start":{"line":41,"column":2},"end":{"line":41,"column":42}},"17":{"start":{"line":41,"column":13},"end":{"line":41,"column":42}},"18":{"start":{"line":43,"column":21},"end":{"line":55,"column":3}},"19":{"start":{"line":44,"column":4},"end":{"line":54,"column":5}},"20":{"start":{"line":49,"column":6},"end":{"line":49,"column":38}},"21":{"start":{"line":50,"column":6},"end":{"line":50,"column":20}},"22":{"start":{"line":52,"column":6},"end":{"line":52,"column":40}},"23":{"start":{"line":53,"column":6},"end":{"line":53,"column":45}},"24":{"start":{"line":57,"column":2},"end":{"line":71,"column":4}},"25":{"start":{"line":66,"column":29},"end":{"line":66,"column":48}}},"fnMap":{"0":{"name":"PostDetails","decl":{"start":{"line":10,"column":9},"end":{"line":10,"column":20}},"loc":{"start":{"line":10,"column":23},"end":{"line":72,"column":1}},"line":10},"1":{"name":"(anonymous_1)","decl":{"start":{"line":17,"column":12},"end":{"line":17,"column":13}},"loc":{"start":{"line":17,"column":18},"end":{"line":38,"column":3}},"line":17},"2":{"name":"(anonymous_2)","decl":{"start":{"line":18,"column":28},"end":{"line":18,"column":29}},"loc":{"start":{"line":18,"column":40},"end":{"line":36,"column":5}},"line":18},"3":{"name":"(anonymous_3)","decl":{"start":{"line":43,"column":21},"end":{"line":43,"column":22}},"loc":{"start":{"line":43,"column":35},"end":{"line":55,"column":3}},"line":43},"4":{"name":"(anonymous_4)","decl":{"start":{"line":66,"column":23},"end":{"line":66,"column":24}},"loc":{"start":{"line":66,"column":29},"end":{"line":66,"column":48}},"line":66}},"branchMap":{"0":{"loc":{"start":{"line":40,"column":2},"end":{"line":40,"column":40}},"type":"if","locations":[{"start":{"line":40,"column":2},"end":{"line":40,"column":40}},{"start":{},"end":{}}],"line":40},"1":{"loc":{"start":{"line":41,"column":2},"end":{"line":41,"column":42}},"type":"if","locations":[{"start":{"line":41,"column":2},"end":{"line":41,"column":42}},{"start":{},"end":{}}],"line":41}},"s":{"0":0,"1":0,"2":0,"3":0,"4":0,"5":0,"6":0,"7":0,"8":0,"9":0,"10":0,"11":0,"12":0,"13":0,"14":0,"15":0,"16":0,"17":0,"18":0,"19":0,"20":0,"21":0,"22":0,"23":0,"24":0,"25":0},"f":{"0":0,"1":0,"2":0,"3":0,"4":0},"b":{"0":[0,0],"1":[0,0]},"_coverageSchema":"1a1c01bbd47fc00a2c39e90264f33305004495a9","hash":"d1f1224a64f8853467649e14fe114d11420c922c"}
,"/Users/romalopes/Documents/studies/rails/video_rails_react_app/react_client/src/features/posts/PostList.jsx": {"path":"/Users/romalopes/Documents/studies/rails/video_rails_react_app/react_client/src/features/posts/PostList.jsx","statementMap":{"0":{"start":{"line":7,"column":28},"end":{"line":7,"column":40}},"1":{"start":{"line":8,"column":32},"end":{"line":8,"column":46}},"2":{"start":{"line":9,"column":23},"end":{"line":9,"column":37}},"3":{"start":{"line":30,"column":2},"end":{"line":43,"column":9}},"4":{"start":{"line":32,"column":6},"end":{"line":40,"column":7}},"5":{"start":{"line":33,"column":21},"end":{"line":33,"column":42}},"6":{"start":{"line":34,"column":8},"end":{"line":34,"column":23}},"7":{"start":{"line":36,"column":8},"end":{"line":36,"column":42}},"8":{"start":{"line":37,"column":8},"end":{"line":37,"column":45}},"9":{"start":{"line":39,"column":8},"end":{"line":39,"column":26}},"10":{"start":{"line":42,"column":4},"end":{"line":42,"column":16}},"11":{"start":{"line":45,"column":2},"end":{"line":45,"column":40}},"12":{"start":{"line":45,"column":15},"end":{"line":45,"column":40}},"13":{"start":{"line":46,"column":2},"end":{"line":46,"column":43}},"14":{"start":{"line":46,"column":14},"end":{"line":46,"column":43}},"15":{"start":{"line":48,"column":21},"end":{"line":62,"column":3}},"16":{"start":{"line":49,"column":4},"end":{"line":61,"column":5}},"17":{"start":{"line":50,"column":6},"end":{"line":50,"column":32}},"18":{"start":{"line":56,"column":6},"end":{"line":56,"column":74}},"19":{"start":{"line":56,"column":30},"end":{"line":56,"column":72}},"20":{"start":{"line":56,"column":57},"end":{"line":56,"column":71}},"21":{"start":{"line":59,"column":6},"end":{"line":59,"column":40}},"22":{"start":{"line":60,"column":6},"end":{"line":60,"column":45}},"23":{"start":{"line":64,"column":2},"end":{"line":79,"column":4}},"24":{"start":{"line":67,"column":8},"end":{"line":76,"column":14}},"25":{"start":{"line":73,"column":35},"end":{"line":73,"column":54}}},"fnMap":{"0":{"name":"PostList","decl":{"start":{"line":6,"column":9},"end":{"line":6,"column":17}},"loc":{"start":{"line":6,"column":20},"end":{"line":80,"column":1}},"line":6},"1":{"name":"(anonymous_1)","decl":{"start":{"line":30,"column":12},"end":{"line":30,"column":13}},"loc":{"start":{"line":30,"column":18},"end":{"line":43,"column":3}},"line":30},"2":{"name":"loadPosts","decl":{"start":{"line":31,"column":19},"end":{"line":31,"column":28}},"loc":{"start":{"line":31,"column":31},"end":{"line":41,"column":5}},"line":31},"3":{"name":"(anonymous_3)","decl":{"start":{"line":48,"column":21},"end":{"line":48,"column":22}},"loc":{"start":{"line":48,"column":35},"end":{"line":62,"column":3}},"line":48},"4":{"name":"(anonymous_4)","decl":{"start":{"line":56,"column":15},"end":{"line":56,"column":16}},"loc":{"start":{"line":56,"column":30},"end":{"line":56,"column":72}},"line":56},"5":{"name":"(anonymous_5)","decl":{"start":{"line":56,"column":47},"end":{"line":56,"column":48}},"loc":{"start":{"line":56,"column":57},"end":{"line":56,"column":71}},"line":56},"6":{"name":"(anonymous_6)","decl":{"start":{"line":66,"column":17},"end":{"line":66,"column":18}},"loc":{"start":{"line":67,"column":8},"end":{"line":76,"column":14}},"line":67},"7":{"name":"(anonymous_7)","decl":{"start":{"line":73,"column":29},"end":{"line":73,"column":30}},"loc":{"start":{"line":73,"column":35},"end":{"line":73,"column":54}},"line":73}},"branchMap":{"0":{"loc":{"start":{"line":45,"column":2},"end":{"line":45,"column":40}},"type":"if","locations":[{"start":{"line":45,"column":2},"end":{"line":45,"column":40}},{"start":{},"end":{}}],"line":45},"1":{"loc":{"start":{"line":46,"column":2},"end":{"line":46,"column":43}},"type":"if","locations":[{"start":{"line":46,"column":2},"end":{"line":46,"column":43}},{"start":{},"end":{}}],"line":46}},"s":{"0":0,"1":0,"2":0,"3":0,"4":0,"5":0,"6":0,"7":0,"8":0,"9":0,"10":0,"11":0,"12":0,"13":0,"14":0,"15":0,"16":0,"17":0,"18":0,"19":0,"20":0,"21":0,"22":0,"23":0,"24":0,"25":0},"f":{"0":0,"1":0,"2":0,"3":0,"4":0,"5":0,"6":0,"7":0},"b":{"0":[0,0],"1":[0,0]},"_coverageSchema":"1a1c01bbd47fc00a2c39e90264f33305004495a9","hash":"ba757d56b006b6bd28fcc4fa59199a2558f4f708"}
}
