TN:
SF:src/constants.js
FNF:0
FNH:0
LF:0
LH:0
BRF:0
BRH:0
end_of_record
TN:
SF:src/api_services/postService.jsx
FN:3,fetchAllPosts
FN:17,fetchPost
FN:32,fetchDeletePost
FN:50,fetchUpdatePost
FN:70,fetchCreatePost
FNF:5
FNH:0
FNDA:0,fetchAllPosts
FNDA:0,fetchPost
FNDA:0,fetchDeletePost
FNDA:0,fetchUpdatePost
FNDA:0,fetchCreatePost
DA:4,0
DA:5,0
DA:6,0
DA:7,0
DA:8,0
DA:10,0
DA:13,0
DA:18,0
DA:19,0
DA:20,0
DA:21,0
DA:22,0
DA:23,0
DA:25,0
DA:28,0
DA:34,0
DA:36,0
DA:39,0
DA:41,0
DA:44,0
DA:45,0
DA:47,0
DA:51,0
DA:52,0
DA:57,0
DA:58,0
DA:62,0
DA:64,0
DA:66,0
DA:71,0
DA:72,0
DA:78,0
DA:79,0
DA:80,0
DA:81,0
DA:83,0
DA:85,0
DA:87,0
LF:38
LH:0
BRDA:6,0,0,0
BRDA:6,0,1,0
BRDA:21,1,0,0
BRDA:21,1,1,0
BRDA:44,2,0,0
BRDA:44,2,1,0
BRDA:57,3,0,0
BRDA:57,3,1,0
BRDA:78,4,0,0
BRDA:78,4,1,0
BRF:10
BRH:0
end_of_record
TN:
SF:src/components/AppRoutes.jsx
FN:8,AppRoutes
FNF:1
FNH:0
FNDA:0,AppRoutes
DA:9,0
LF:1
LH:0
BRF:0
BRH:0
end_of_record
TN:
SF:src/components/NavBar.jsx
FN:4,NavBar
FNF:1
FNH:1
FNDA:3,NavBar
DA:5,3
LF:1
LH:1
BRF:0
BRH:0
end_of_record
TN:
SF:src/features/posts/EditPostForm.jsx
FN:8,EditPostForm
FN:15,(anonymous_1)
FN:16,(anonymous_2)
FN:41,(anonymous_3)
FN:85,(anonymous_4)
FN:94,(anonymous_5)
FNF:6
FNH:0
FNDA:0,EditPostForm
FNDA:0,(anonymous_1)
FNDA:0,(anonymous_2)
FNDA:0,(anonymous_3)
FNDA:0,(anonymous_4)
FNDA:0,(anonymous_5)
DA:9,0
DA:10,0
DA:11,0
DA:12,0
DA:13,0
DA:15,0
DA:16,0
DA:17,0
DA:26,0
DA:27,0
DA:29,0
DA:30,0
DA:32,0
DA:35,0
DA:38,0
DA:39,0
DA:41,0
DA:42,0
DA:43,0
DA:45,0
DA:49,0
DA:50,0
DA:51,0
DA:53,0
DA:75,0
DA:85,0
DA:94,0
LF:27
LH:0
BRDA:38,0,0,0
BRDA:38,0,1,0
BRDA:39,1,0,0
BRDA:39,1,1,0
BRF:4
BRH:0
end_of_record
TN:
SF:src/features/posts/NewPostForm.jsx
FN:5,NewPostForm
FN:10,(anonymous_1)
FN:42,(anonymous_2)
FN:51,(anonymous_3)
FNF:4
FNH:0
FNDA:0,NewPostForm
FNDA:0,(anonymous_1)
FNDA:0,(anonymous_2)
FNDA:0,(anonymous_3)
DA:6,0
DA:7,0
DA:8,0
DA:10,0
DA:11,0
DA:12,0
DA:13,0
DA:17,0
DA:18,0
DA:29,0
DA:32,0
DA:42,0
DA:51,0
LF:13
LH:0
BRF:0
BRH:0
end_of_record
TN:
SF:src/features/posts/PostDetails.jsx
FN:10,PostDetails
FN:17,(anonymous_1)
FN:18,(anonymous_2)
FN:43,(anonymous_3)
FN:66,(anonymous_4)
FNF:5
FNH:0
FNDA:0,PostDetails
FNDA:0,(anonymous_1)
FNDA:0,(anonymous_2)
FNDA:0,(anonymous_3)
FNDA:0,(anonymous_4)
DA:11,0
DA:12,0
DA:13,0
DA:14,0
DA:15,0
DA:17,0
DA:18,0
DA:19,0
DA:28,0
DA:29,0
DA:31,0
DA:32,0
DA:34,0
DA:37,0
DA:40,0
DA:41,0
DA:43,0
DA:44,0
DA:49,0
DA:50,0
DA:52,0
DA:53,0
DA:57,0
DA:66,0
LF:24
LH:0
BRDA:40,0,0,0
BRDA:40,0,1,0
BRDA:41,1,0,0
BRDA:41,1,1,0
BRF:4
BRH:0
end_of_record
TN:
SF:src/features/posts/PostList.jsx
FN:6,PostList
FN:30,(anonymous_1)
FN:31,loadPosts
FN:48,(anonymous_3)
FN:56,(anonymous_4)
FN:56,(anonymous_5)
FN:66,(anonymous_6)
FN:73,(anonymous_7)
FNF:8
FNH:0
FNDA:0,PostList
FNDA:0,(anonymous_1)
FNDA:0,loadPosts
FNDA:0,(anonymous_3)
FNDA:0,(anonymous_4)
FNDA:0,(anonymous_5)
FNDA:0,(anonymous_6)
FNDA:0,(anonymous_7)
DA:7,0
DA:8,0
DA:9,0
DA:30,0
DA:32,0
DA:33,0
DA:34,0
DA:36,0
DA:37,0
DA:39,0
DA:42,0
DA:45,0
DA:46,0
DA:48,0
DA:49,0
DA:50,0
DA:56,0
DA:59,0
DA:60,0
DA:64,0
DA:67,0
DA:73,0
LF:22
LH:0
BRDA:45,0,0,0
BRDA:45,0,1,0
BRDA:46,1,0,0
BRDA:46,1,1,0
BRF:4
BRH:0
end_of_record
